[0.106s] Invoking command in '/home/mp4d/ros_camera/build/cam_sub': CMAKE_PREFIX_PATH=/opt/ros/foxy /usr/bin/cmake --build /home/mp4d/ros_camera/build/cam_sub -- -j4 -l4
[0.317s] -- Found ament_cmake: 0.9.12 (/opt/ros/foxy/share/ament_cmake/cmake)
[0.529s] -- Using PYTHON_EXECUTABLE: /usr/bin/python3
[2.036s] -- Found rclcpp: 2.4.3 (/opt/ros/foxy/share/rclcpp/cmake)
[2.251s] -- Using all available rosidl_typesupport_c: rosidl_typesupport_fastrtps_c;rosidl_typesupport_introspection_c
[2.278s] -- Found rosidl_adapter: 1.3.1 (/opt/ros/foxy/share/rosidl_adapter/cmake)
[3.004s] -- Using all available rosidl_typesupport_cpp: rosidl_typesupport_fastrtps_cpp;rosidl_typesupport_introspection_cpp
[3.412s] -- Found rmw_implementation_cmake: 1.0.4 (/opt/ros/foxy/share/rmw_implementation_cmake/cmake)
[3.426s] -- Using RMW implementation 'rmw_fastrtps_cpp' as default
[4.728s] -- Found sensor_msgs: 2.0.5 (/opt/ros/foxy/share/sensor_msgs/cmake)
[5.791s] -- Found cv_bridge: 3.0.7 (/opt/ros/foxy/share/cv_bridge/cmake)
[6.522s] -- Configuring done
[6.677s] -- Generating done
[6.689s] -- Build files have been written to: /home/mp4d/ros_camera/build/cam_sub
[6.937s] [35m[1mScanning dependencies of target image_subscriber[0m
[7.097s] make[2]: Warning: File '/home/mp4d/ros_camera/src/cam_sub/src/image_subscriber.cpp' has modification time 15095264 s in the future
[7.201s] [ 33%] [32mBuilding CXX object CMakeFiles/image_subscriber.dir/src/image_subscriber.cpp.o[0m
[7.224s] [ 66%] [32mBuilding C object CMakeFiles/image_subscriber.dir/src/ximage_processing.c.o[0m
[24.834s] In file included from [01m[K/home/mp4d/ros_camera/src/cam_sub/src/image_subscriber.cpp:9[m[K:
[24.836s] [01m[K/home/mp4d/ros_camera/src/cam_sub/src/reserved_mem.hpp:51:6:[m[K [01;35m[Kwarning: [m[Kextra â€˜[01m[K;[m[Kâ€™ [[01;35m[K-Wpedantic[m[K]
[24.837s]    51 |     }[01;35m[K;[m[K
[24.838s]       |      [01;35m[K^[m[K
[24.848s]       |      [31m[K-[m[K
[24.854s] [01m[K/home/mp4d/ros_camera/src/cam_sub/src/reserved_mem.hpp:68:6:[m[K [01;35m[Kwarning: [m[Kextra â€˜[01m[K;[m[Kâ€™ [[01;35m[K-Wpedantic[m[K]
[24.856s]    68 |     }[01;35m[K;[m[K
[24.859s]       |      [01;35m[K^[m[K
[24.861s]       |      [31m[K-[m[K
[25.142s] [01m[K/home/mp4d/ros_camera/src/cam_sub/src/image_subscriber.cpp:[m[K In constructor â€˜[01m[KImageSubscriber::ImageSubscriber()[m[Kâ€™:
[25.145s] [01m[K/home/mp4d/ros_camera/src/cam_sub/src/image_subscriber.cpp:45:10:[m[K [01;35m[Kwarning: [m[Kunused variable â€˜[01m[Kbuffer[m[Kâ€™ [[01;35m[K-Wunused-variable[m[K]
[25.147s]    45 |      int [01;35m[Kbuffer[m[K[BUFFER_LENGTH];
[25.149s]       |          [01;35m[K^~~~~~[m[K
[25.318s] [01m[K/home/mp4d/ros_camera/src/cam_sub/src/image_subscriber.cpp:[m[K In member function â€˜[01m[Kvoid ImageSubscriber::onImageMsg(sensor_msgs::msg::Image_<std::allocator<void> >::SharedPtr)[m[Kâ€™:
[25.323s] [01m[K/home/mp4d/ros_camera/src/cam_sub/src/image_subscriber.cpp:122:12:[m[K [01;35m[Kwarning: [m[KISO C++ forbids variable length array â€˜[01m[Karr[m[Kâ€™ [[01;35m[K-Wvla[m[K]
[25.326s]   122 |   uint32_t [01;35m[Karr[m[K[array.size()];
[25.329s]       |            [01;35m[K^~~[m[K
[61.413s] [100%] [32m[1mLinking CXX executable image_subscriber[0m
[70.171s] /usr/bin/ld: CMakeFiles/image_subscriber.dir/src/image_subscriber.cpp.o: in function `ImageSubscriber::onImageMsg(std::shared_ptr<sensor_msgs::msg::Image_<std::allocator<void> > >)':
[70.173s] image_subscriber.cpp:(.text._ZN15ImageSubscriber10onImageMsgESt10shared_ptrIN11sensor_msgs3msg6Image_ISaIvEEEE[_ZN15ImageSubscriber10onImageMsgESt10shared_ptrIN11sensor_msgs3msg6Image_ISaIvEEEE]+0x6b8): undefined reference to `XImage_processing_Initialize'
[70.173s] collect2: error: ld returned 1 exit status
[70.181s] make[2]: *** [CMakeFiles/image_subscriber.dir/build.make:210: image_subscriber] Error 1
[70.183s] make[1]: *** [CMakeFiles/Makefile2:78: CMakeFiles/image_subscriber.dir/all] Error 2
[70.184s] make: *** [Makefile:141: all] Error 2
[70.199s] Invoked command in '/home/mp4d/ros_camera/build/cam_sub' returned '2': CMAKE_PREFIX_PATH=/opt/ros/foxy /usr/bin/cmake --build /home/mp4d/ros_camera/build/cam_sub -- -j4 -l4
