-- The C compiler identification is GNU 9.4.0
-- The CXX compiler identification is GNU 9.4.0
-- Check for working C compiler: /usr/bin/cc
-- Check for working C compiler: /usr/bin/cc -- works
-- Detecting C compiler ABI info
-- Detecting C compiler ABI info - done
-- Detecting C compile features
-- Detecting C compile features - done
-- Check for working CXX compiler: /usr/bin/c++
-- Check for working CXX compiler: /usr/bin/c++ -- works
-- Detecting CXX compiler ABI info
-- Detecting CXX compiler ABI info - done
-- Detecting CXX compile features
-- Detecting CXX compile features - done
-- Found ament_cmake: 0.9.12 (/opt/ros/foxy/share/ament_cmake/cmake)
-- Found PythonInterp: /usr/bin/python3 (found suitable version "3.8.10", minimum required is "3") 
-- Using PYTHON_EXECUTABLE: /usr/bin/python3
-- Found rclcpp: 2.4.3 (/opt/ros/foxy/share/rclcpp/cmake)
-- Using all available rosidl_typesupport_c: rosidl_typesupport_fastrtps_c;rosidl_typesupport_introspection_c
-- Found rosidl_adapter: 1.3.1 (/opt/ros/foxy/share/rosidl_adapter/cmake)
-- Found OpenSSL: /usr/lib/aarch64-linux-gnu/libcrypto.so (found version "1.1.1f")  
-- Found FastRTPS: /opt/ros/foxy/include  
-- Using all available rosidl_typesupport_cpp: rosidl_typesupport_fastrtps_cpp;rosidl_typesupport_introspection_cpp
-- Found rmw_implementation_cmake: 1.0.4 (/opt/ros/foxy/share/rmw_implementation_cmake/cmake)
-- Using RMW implementation 'rmw_fastrtps_cpp' as default
-- Looking for pthread.h
-- Looking for pthread.h - found
-- Performing Test CMAKE_HAVE_LIBC_PTHREAD
-- Performing Test CMAKE_HAVE_LIBC_PTHREAD - Failed
-- Looking for pthread_create in pthreads
-- Looking for pthread_create in pthreads - not found
-- Looking for pthread_create in pthread
-- Looking for pthread_create in pthread - found
-- Found Threads: TRUE  
-- Found sensor_msgs: 2.0.5 (/opt/ros/foxy/share/sensor_msgs/cmake)
-- Found OpenCV: /usr (found version "4.2.0") 
-- Found cv_bridge: 3.0.7 (/opt/ros/foxy/share/cv_bridge/cmake)
-- Configuring done
-- Generating done
-- Build files have been written to: /home/mp4d/ros_camera/build/cam_sub
-- Found ament_cmake: 0.9.12 (/opt/ros/foxy/share/ament_cmake/cmake)
-- Using PYTHON_EXECUTABLE: /usr/bin/python3
-- Found rclcpp: 2.4.3 (/opt/ros/foxy/share/rclcpp/cmake)
-- Using all available rosidl_typesupport_c: rosidl_typesupport_fastrtps_c;rosidl_typesupport_introspection_c
-- Found rosidl_adapter: 1.3.1 (/opt/ros/foxy/share/rosidl_adapter/cmake)
-- Using all available rosidl_typesupport_cpp: rosidl_typesupport_fastrtps_cpp;rosidl_typesupport_introspection_cpp
-- Found rmw_implementation_cmake: 1.0.4 (/opt/ros/foxy/share/rmw_implementation_cmake/cmake)
-- Using RMW implementation 'rmw_fastrtps_cpp' as default
-- Found sensor_msgs: 2.0.5 (/opt/ros/foxy/share/sensor_msgs/cmake)
-- Found cv_bridge: 3.0.7 (/opt/ros/foxy/share/cv_bridge/cmake)
-- Configuring done
-- Generating done
-- Build files have been written to: /home/mp4d/ros_camera/build/cam_sub
[35m[1mScanning dependencies of target image_subscriber[0m
make[2]: Warning: File '/home/mp4d/ros_camera/src/cam_sub/src/image_subscriber.cpp' has modification time 15095529 s in the future
[ 33%] [32mBuilding CXX object CMakeFiles/image_subscriber.dir/src/image_subscriber.cpp.o[0m
[ 66%] [32mBuilding C object CMakeFiles/image_subscriber.dir/src/ximage_processing.c.o[0m
In file included from [01m[K/home/mp4d/ros_camera/src/cam_sub/src/image_subscriber.cpp:9[m[K:
[01m[K/home/mp4d/ros_camera/src/cam_sub/src/reserved_mem.hpp:51:6:[m[K [01;35m[Kwarning: [m[Kextra â€˜[01m[K;[m[Kâ€™ [[01;35m[K-Wpedantic[m[K]
   51 |     }[01;35m[K;[m[K
      |      [01;35m[K^[m[K
      |      [31m[K-[m[K
[01m[K/home/mp4d/ros_camera/src/cam_sub/src/reserved_mem.hpp:68:6:[m[K [01;35m[Kwarning: [m[Kextra â€˜[01m[K;[m[Kâ€™ [[01;35m[K-Wpedantic[m[K]
   68 |     }[01;35m[K;[m[K
      |      [01;35m[K^[m[K
      |      [31m[K-[m[K
[01m[K/home/mp4d/ros_camera/src/cam_sub/src/image_subscriber.cpp:[m[K In constructor â€˜[01m[KImageSubscriber::ImageSubscriber()[m[Kâ€™:
[01m[K/home/mp4d/ros_camera/src/cam_sub/src/image_subscriber.cpp:45:10:[m[K [01;35m[Kwarning: [m[Kunused variable â€˜[01m[Kbuffer[m[Kâ€™ [[01;35m[K-Wunused-variable[m[K]
   45 |      int [01;35m[Kbuffer[m[K[BUFFER_LENGTH];
      |          [01;35m[K^~~~~~[m[K
[01m[K/home/mp4d/ros_camera/src/cam_sub/src/image_subscriber.cpp:[m[K In member function â€˜[01m[Kvoid ImageSubscriber::onImageMsg(sensor_msgs::msg::Image_<std::allocator<void> >::SharedPtr)[m[Kâ€™:
[01m[K/home/mp4d/ros_camera/src/cam_sub/src/image_subscriber.cpp:122:12:[m[K [01;35m[Kwarning: [m[KISO C++ forbids variable length array â€˜[01m[Karr[m[Kâ€™ [[01;35m[K-Wvla[m[K]
  122 |   uint32_t [01;35m[Karr[m[K[array.size()];
      |            [01;35m[K^~~[m[K
[100%] [32m[1mLinking CXX executable image_subscriber[0m
/usr/bin/ld: CMakeFiles/image_subscriber.dir/src/image_subscriber.cpp.o: in function `ImageSubscriber::onImageMsg(std::shared_ptr<sensor_msgs::msg::Image_<std::allocator<void> > >)':
image_subscriber.cpp:(.text._ZN15ImageSubscriber10onImageMsgESt10shared_ptrIN11sensor_msgs3msg6Image_ISaIvEEEE[_ZN15ImageSubscriber10onImageMsgESt10shared_ptrIN11sensor_msgs3msg6Image_ISaIvEEEE]+0x6b8): undefined reference to `XImage_processing_Initialize'
collect2: error: ld returned 1 exit status
make[2]: *** [CMakeFiles/image_subscriber.dir/build.make:210: image_subscriber] Error 1
make[1]: *** [CMakeFiles/Makefile2:78: CMakeFiles/image_subscriber.dir/all] Error 2
make: *** [Makefile:141: all] Error 2
